<?xml version="1.0" encoding="UTF-8"?>
<!-- Generated by org.testng.reporters.JUnitXMLReporter -->
<testsuite ignored="0" hostname="DESKTOP-V773E8K" failures="2" tests="3" name="Test" time="82.834" errors="0" timestamp="2023-03-02T18:28:12 IST">
  <testcase classname="flashcart.user.Order" name="Order" time="8.907"/>
  <testcase classname="flashcart.admin.CreateUser" name="Order" time="6.358">
    <failure type="java.lang.AssertionError" message="The following asserts failed:
	expected [null] but found [Shopping Portal],
	tc is not  pass expected [null] but found [Shopping Portal | Admin]">
      <![CDATA[java.lang.AssertionError: The following asserts failed:
expected [null] but found [Shopping Portal],
tc is not  pass expected [null] but found [Shopping Portal | Admin]
at flashcart.admin.CreateUser.Order(CreateUser.java:44)
at java.base/java.util.ArrayList.forEach(ArrayList.java:1511)
... Removed 29 stack frames]]>
    </failure>
  </testcase> <!-- Order -->
  <testcase classname="flashcart.user.WhishList" name="wishList" time="0.002">
    <failure type="java.lang.NullPointerException" message="Cannot invoke &amp;quot;annotation.ExtentReporter.author()&amp;quot; because &amp;quot;reportAnnotation&amp;quot; is null">
      <![CDATA[java.lang.NullPointerException: Cannot invoke "annotation.ExtentReporter.author()" because "reportAnnotation" is null
at listners.ListnerImplementation.onTestStart(ListnerImplementation.java:33)
at java.base/java.util.ArrayList.forEach(ArrayList.java:1511)
... Removed 24 stack frames]]>
    </failure>
  </testcase> <!-- wishList -->
</testsuite> <!-- Test -->
